<?xml version="1.0" encoding="UTF-8"?>
<testsuite name="org.example.MainTest" tests="2" skipped="0" failures="0" errors="0" timestamp="2023-03-07T04:31:50" hostname="DESKTOP-HV7JIS6" time="0.295">
  <properties/>
  <testcase name="main1()" classname="org.example.MainTest" time="0.289"/>
  <testcase name="main2()" classname="org.example.MainTest" time="0.003"/>
  <system-out><![CDATA[Press 1 to login and 2 to exit!!
                   Welcome to aims portal!!!!
Enter User Name: 
Enter Password: 
Wrong Password
Press 1 to login and 2 to exit!!
]]></system-out>
  <system-err><![CDATA[]]></system-err>
</testsuite>
