<?xml version="1.0" encoding="UTF-8"?>
<testsuite name="org.example.set_sem_yrTest" tests="1" skipped="0" failures="0" errors="0" timestamp="2023-03-07T04:31:54" hostname="DESKTOP-HV7JIS6" time="0.048">
  <properties/>
  <testcase name="set()" classname="org.example.set_sem_yrTest" time="0.048"/>
  <system-out><![CDATA[]]></system-out>
  <system-err><![CDATA[]]></system-err>
</testsuite>
