<?xml version="1.0" encoding="UTF-8"?>
<testsuite name="org.example.fac_offr_courseTest" tests="1" skipped="0" failures="0" errors="0" timestamp="2023-03-07T04:31:52" hostname="DESKTOP-HV7JIS6" time="0.099">
  <properties/>
  <testcase name="disp()" classname="org.example.fac_offr_courseTest" time="0.099"/>
  <system-out><![CDATA[Course  Student ID  Year  sem  Grade  Status         
CS204   2020CSB1060 2020  2    A    completed   
]]></system-out>
  <system-err><![CDATA[]]></system-err>
</testsuite>
